# JRE version: OpenJDK Runtime Environment (8.0_292-b10) (build 1.8.0_292-b10)
# Java VM: OpenJDK 64-Bit Server VM (25.292-b10 mixed mode bsd-amd64 compressed oops)
Heap:
 PSYoungGen      total 229376K, used 102223K [0x00000006c0000000, 0x00000006d0000000, 0x00000007c0000000)
  eden space 196608K, 51% used [0x00000006c0000000,0x00000006c63d3d70,0x00000006cc000000)
  from space 32768K, 0% used [0x00000006cc000000,0x00000006cc000000,0x00000006ce000000)
  to   space 32768K, 0% used [0x00000006ce000000,0x00000006ce000000,0x00000006d0000000)
 ParOldGen       total 368128K, used 42130K [0x00000004c0000000, 0x00000004d6780000, 0x00000006c0000000)
  object space 368128K, 11% used [0x00000004c0000000,0x00000004c2924958,0x00000004d6780000)
 Metaspace       used 21402K, capacity 22108K, committed 22400K, reserved 1069056K
  class space    used 2660K, capacity 2833K, committed 2944K, reserved 1048576K
GC Heap History (4 events):
Event: 3.223 GC heap before
{Heap before GC invocations=1 (full 0):
 PSYoungGen      total 229376K, used 171010K [0x00000006c0000000, 0x00000006d0000000, 0x00000007c0000000)
  eden space 196608K, 86% used [0x00000006c0000000,0x00000006ca7009f0,0x00000006cc000000)
  from space 32768K, 0% used [0x00000006ce000000,0x00000006ce000000,0x00000006d0000000)
  to   space 32768K, 0% used [0x00000006cc000000,0x00000006cc000000,0x00000006ce000000)
 ParOldGen       total 524288K, used 0K [0x00000004c0000000, 0x00000004e0000000, 0x00000006c0000000)
  object space 524288K, 0% used [0x00000004c0000000,0x00000004c0000000,0x00000004e0000000)
 Metaspace       used 20442K, capacity 21116K, committed 21248K, reserved 1067008K
  class space    used 2587K, capacity 2737K, committed 2816K, reserved 1048576K
Event: 3.250 GC heap after
Heap after GC invocations=1 (full 0):
 PSYoungGen      total 229376K, used 32741K [0x00000006c0000000, 0x00000006d0000000, 0x00000007c0000000)
  eden space 196608K, 0% used [0x00000006c0000000,0x00000006c0000000,0x00000006cc000000)
  from space 32768K, 99% used [0x00000006cc000000,0x00000006cdff9710,0x00000006ce000000)
  to   space 32768K, 0% used [0x00000006ce000000,0x00000006ce000000,0x00000006d0000000)
 ParOldGen       total 524288K, used 32063K [0x00000004c0000000, 0x00000004e0000000, 0x00000006c0000000)
  object space 524288K, 6% used [0x00000004c0000000,0x00000004c1f4fcb0,0x00000004e0000000)
 Metaspace       used 20442K, capacity 21116K, committed 21248K, reserved 1067008K
  class space    used 2587K, capacity 2737K, committed 2816K, reserved 1048576K
}
Event: 3.250 GC heap before
{Heap before GC invocations=2 (full 1):
 PSYoungGen      total 229376K, used 32741K [0x00000006c0000000, 0x00000006d0000000, 0x00000007c0000000)
  eden space 196608K, 0% used [0x00000006c0000000,0x00000006c0000000,0x00000006cc000000)
  from space 32768K, 99% used [0x00000006cc000000,0x00000006cdff9710,0x00000006ce000000)
  to   space 32768K, 0% used [0x00000006ce000000,0x00000006ce000000,0x00000006d0000000)
 ParOldGen       total 524288K, used 32063K [0x00000004c0000000, 0x00000004e0000000, 0x00000006c0000000)
  object space 524288K, 6% used [0x00000004c0000000,0x00000004c1f4fcb0,0x00000004e0000000)
 Metaspace       used 20442K, capacity 21116K, committed 21248K, reserved 1067008K
  class space    used 2587K, capacity 2737K, committed 2816K, reserved 1048576K
Event: 3.276 GC heap after
Heap after GC invocations=2 (full 1):
 PSYoungGen      total 229376K, used 0K [0x00000006c0000000, 0x00000006d0000000, 0x00000007c0000000)
  eden space 196608K, 0% used [0x00000006c0000000,0x00000006c0000000,0x00000006cc000000)
  from space 32768K, 0% used [0x00000006cc000000,0x00000006cc000000,0x00000006ce000000)
  to   space 32768K, 0% used [0x00000006ce000000,0x00000006ce000000,0x00000006d0000000)
 ParOldGen       total 368128K, used 42130K [0x00000004c0000000, 0x00000004d6780000, 0x00000006c0000000)
  object space 368128K, 11% used [0x00000004c0000000,0x00000004c2924958,0x00000004d6780000)
 Metaspace       used 20442K, capacity 21116K, committed 21248K, reserved 1067008K
  class space    used 2587K, capacity 2737K, committed 2816K, reserved 1048576K
}

